<?xml version="1.0" encoding="UTF-8"?>
<TestRun id="287d0bca-ee35-436d-b922-e49088206407" name="Michael@MICHAEL-DESKTOP 2012-08-13 07:31:48" runUser="Michael-Desktop\Michael" xmlns="http://microsoft.com/schemas/VisualStudio/TeamTest/2010">
  <TestSettings name="Local" id="42faeab7-07b5-4534-8247-88e49e1ac1cf">
    <Description>These are default test settings for a local test run.</Description>
    <Deployment enabled="false" runDeploymentRoot="Michael_MICHAEL-DESKTOP 2012-08-13 07_31_48">
      <DeploymentItem filename="c:\users\michael\documents\visual studio 2010\Projects\CS380\CS380\bin\Debug\CS380.exe" />
    </Deployment>
    <Execution>
      <TestTypeSpecific />
      <AgentRule name="Execution Agents">
      </AgentRule>
    </Execution>
  </TestSettings>
  <Times creation="2012-08-13T07:31:48.6634980+12:00" queuing="2012-08-13T07:31:48.8235071+12:00" start="2012-08-13T07:31:48.8375079+12:00" finish="2012-08-13T07:31:49.1855278+12:00" />
  <ResultSummary outcome="Failed">
    <Counters total="3" executed="3" passed="2" error="0" failed="1" timeout="0" aborted="0" inconclusive="0" passedButRunAborted="0" notRunnable="0" notExecuted="0" disconnected="0" warning="0" completed="0" inProgress="0" pending="0" />
  </ResultSummary>
  <TestDefinitions>
    <UnitTest name="TestFactorial" storage="c:\users\michael\documents\visual studio 2010\projects\cs380\tests\bin\debug\tests.dll" id="e3b8e2da-7b53-f892-2268-5043c701c03b">
      <Execution id="0de0d904-3c32-49ee-8d2e-e85eef7dbc36" />
      <TestMethod codeBase="C:/Users/Michael/Documents/Visual Studio 2010/Projects/CS380/Tests/bin/Debug/Tests.DLL" adapterTypeName="Microsoft.VisualStudio.TestTools.TestTypes.Unit.UnitTestAdapter, Microsoft.VisualStudio.QualityTools.Tips.UnitTest.Adapter, Version=10.0.0.0, Culture=neutral, PublicKeyToken=b03f5f7f11d50a3a" className="Tests.Sets, Tests, Version=1.0.0.0, Culture=neutral, PublicKeyToken=null" name="TestFactorial" />
    </UnitTest>
    <UnitTest name="TestMultichoose" storage="c:\users\michael\documents\visual studio 2010\projects\cs380\tests\bin\debug\tests.dll" id="7c1c80ac-08b8-9d14-7fdc-c780764bd43c">
      <Execution id="818663a0-727f-420b-8bac-7c58ce991cbe" />
      <TestMethod codeBase="C:/Users/Michael/Documents/Visual Studio 2010/Projects/CS380/Tests/bin/Debug/Tests.DLL" adapterTypeName="Microsoft.VisualStudio.TestTools.TestTypes.Unit.UnitTestAdapter, Microsoft.VisualStudio.QualityTools.Tips.UnitTest.Adapter, Version=10.0.0.0, Culture=neutral, PublicKeyToken=b03f5f7f11d50a3a" className="Tests.Sets, Tests, Version=1.0.0.0, Culture=neutral, PublicKeyToken=null" name="TestMultichoose" />
    </UnitTest>
    <UnitTest name="TestNextMultiset" storage="c:\users\michael\documents\visual studio 2010\projects\cs380\tests\bin\debug\tests.dll" id="74aab978-073e-a67c-ac35-b323c4cd1db3">
      <Execution id="e997e87d-0b28-4a31-91af-41d303322320" />
      <TestMethod codeBase="C:/Users/Michael/Documents/Visual Studio 2010/Projects/CS380/Tests/bin/Debug/Tests.DLL" adapterTypeName="Microsoft.VisualStudio.TestTools.TestTypes.Unit.UnitTestAdapter, Microsoft.VisualStudio.QualityTools.Tips.UnitTest.Adapter, Version=10.0.0.0, Culture=neutral, PublicKeyToken=b03f5f7f11d50a3a" className="Tests.Sets, Tests, Version=1.0.0.0, Culture=neutral, PublicKeyToken=null" name="TestNextMultiset" />
    </UnitTest>
  </TestDefinitions>
  <TestLists>
    <TestList name="Results Not in a List" id="8c84fa94-04c1-424b-9868-57a2d4851a1d" />
    <TestList name="All Loaded Results" id="19431567-8539-422a-85d7-44ee4e166bda" />
  </TestLists>
  <TestEntries>
    <TestEntry testId="74aab978-073e-a67c-ac35-b323c4cd1db3" executionId="e997e87d-0b28-4a31-91af-41d303322320" testListId="8c84fa94-04c1-424b-9868-57a2d4851a1d" />
    <TestEntry testId="7c1c80ac-08b8-9d14-7fdc-c780764bd43c" executionId="818663a0-727f-420b-8bac-7c58ce991cbe" testListId="8c84fa94-04c1-424b-9868-57a2d4851a1d" />
    <TestEntry testId="e3b8e2da-7b53-f892-2268-5043c701c03b" executionId="0de0d904-3c32-49ee-8d2e-e85eef7dbc36" testListId="8c84fa94-04c1-424b-9868-57a2d4851a1d" />
  </TestEntries>
  <Results>
    <UnitTestResult executionId="e997e87d-0b28-4a31-91af-41d303322320" testId="74aab978-073e-a67c-ac35-b323c4cd1db3" testName="TestNextMultiset" computerName="MICHAEL-DESKTOP" duration="00:00:00.0500075" startTime="2012-08-13T07:31:48.8615093+12:00" endTime="2012-08-13T07:31:49.0935226+12:00" testType="13cdc9d9-ddb5-4fa4-a97d-d965ccfc6d4b" outcome="Passed" testListId="8c84fa94-04c1-424b-9868-57a2d4851a1d" relativeResultsDirectory="e997e87d-0b28-4a31-91af-41d303322320">
    </UnitTestResult>
    <UnitTestResult executionId="818663a0-727f-420b-8bac-7c58ce991cbe" testId="7c1c80ac-08b8-9d14-7fdc-c780764bd43c" testName="TestMultichoose" computerName="MICHAEL-DESKTOP" duration="00:00:00.0288579" startTime="2012-08-13T07:31:49.1125237+12:00" endTime="2012-08-13T07:31:49.1465256+12:00" testType="13cdc9d9-ddb5-4fa4-a97d-d965ccfc6d4b" outcome="Failed" testListId="8c84fa94-04c1-424b-9868-57a2d4851a1d" relativeResultsDirectory="818663a0-727f-420b-8bac-7c58ce991cbe">
      <Output>
        <ErrorInfo>
          <Message>Assert.AreEqual failed. Expected:&lt;1&gt;. Actual:&lt;2&gt;. </Message>
          <StackTrace>   at Tests.Sets.TestMultichoose() in C:\Users\Michael\Documents\Visual Studio 2010\Projects\CS380\Tests\Sets.cs:line 78
</StackTrace>
        </ErrorInfo>
      </Output>
    </UnitTestResult>
    <UnitTestResult executionId="0de0d904-3c32-49ee-8d2e-e85eef7dbc36" testId="e3b8e2da-7b53-f892-2268-5043c701c03b" testName="TestFactorial" computerName="MICHAEL-DESKTOP" duration="00:00:00.0002668" startTime="2012-08-13T07:31:49.1505258+12:00" endTime="2012-08-13T07:31:49.1575262+12:00" testType="13cdc9d9-ddb5-4fa4-a97d-d965ccfc6d4b" outcome="Passed" testListId="8c84fa94-04c1-424b-9868-57a2d4851a1d" relativeResultsDirectory="0de0d904-3c32-49ee-8d2e-e85eef7dbc36">
    </UnitTestResult>
  </Results>
</TestRun>