<?xml version="1.0" encoding="UTF-8"?>
<TestRun id="faa62595-fa91-4b55-b5e7-674f5b5b02e8" name="Michael@MICHAEL-DESKTOP 2012-08-13 07:31:32" runUser="Michael-Desktop\Michael" xmlns="http://microsoft.com/schemas/VisualStudio/TeamTest/2010">
  <TestSettings name="Local" id="42faeab7-07b5-4534-8247-88e49e1ac1cf">
    <Description>These are default test settings for a local test run.</Description>
    <Deployment enabled="false" runDeploymentRoot="Michael_MICHAEL-DESKTOP 2012-08-13 07_31_32">
      <DeploymentItem filename="c:\users\michael\documents\visual studio 2010\Projects\CS380\CS380\bin\Debug\CS380.exe" />
    </Deployment>
    <Execution>
      <TestTypeSpecific />
      <AgentRule name="Execution Agents">
      </AgentRule>
    </Execution>
  </TestSettings>
  <Times creation="2012-08-13T07:31:32.6445817+12:00" queuing="2012-08-13T07:31:32.7745892+12:00" start="2012-08-13T07:31:32.7915901+12:00" finish="2012-08-13T07:31:33.1656115+12:00" />
  <ResultSummary outcome="Failed">
    <Counters total="3" executed="3" passed="2" error="0" failed="1" timeout="0" aborted="0" inconclusive="0" passedButRunAborted="0" notRunnable="0" notExecuted="0" disconnected="0" warning="0" completed="0" inProgress="0" pending="0" />
  </ResultSummary>
  <TestDefinitions>
    <UnitTest name="TestFactorial" storage="c:\users\michael\documents\visual studio 2010\projects\cs380\tests\bin\debug\tests.dll" id="e3b8e2da-7b53-f892-2268-5043c701c03b">
      <Execution id="e8823ef3-f2b8-4845-9328-0dbefccce64b" />
      <TestMethod codeBase="C:/Users/Michael/Documents/Visual Studio 2010/Projects/CS380/Tests/bin/Debug/Tests.DLL" adapterTypeName="Microsoft.VisualStudio.TestTools.TestTypes.Unit.UnitTestAdapter, Microsoft.VisualStudio.QualityTools.Tips.UnitTest.Adapter, Version=10.0.0.0, Culture=neutral, PublicKeyToken=b03f5f7f11d50a3a" className="Tests.Sets, Tests, Version=1.0.0.0, Culture=neutral, PublicKeyToken=null" name="TestFactorial" />
    </UnitTest>
    <UnitTest name="TestMultichoose" storage="c:\users\michael\documents\visual studio 2010\projects\cs380\tests\bin\debug\tests.dll" id="7c1c80ac-08b8-9d14-7fdc-c780764bd43c">
      <Execution id="416a71b5-51fe-43ea-8908-ec3ae1fd46af" />
      <TestMethod codeBase="C:/Users/Michael/Documents/Visual Studio 2010/Projects/CS380/Tests/bin/Debug/Tests.DLL" adapterTypeName="Microsoft.VisualStudio.TestTools.TestTypes.Unit.UnitTestAdapter, Microsoft.VisualStudio.QualityTools.Tips.UnitTest.Adapter, Version=10.0.0.0, Culture=neutral, PublicKeyToken=b03f5f7f11d50a3a" className="Tests.Sets, Tests, Version=1.0.0.0, Culture=neutral, PublicKeyToken=null" name="TestMultichoose" />
    </UnitTest>
    <UnitTest name="TestNextMultiset" storage="c:\users\michael\documents\visual studio 2010\projects\cs380\tests\bin\debug\tests.dll" id="74aab978-073e-a67c-ac35-b323c4cd1db3">
      <Execution id="424c88ff-1f1d-4eff-bdce-9379afeabb11" />
      <TestMethod codeBase="C:/Users/Michael/Documents/Visual Studio 2010/Projects/CS380/Tests/bin/Debug/Tests.DLL" adapterTypeName="Microsoft.VisualStudio.TestTools.TestTypes.Unit.UnitTestAdapter, Microsoft.VisualStudio.QualityTools.Tips.UnitTest.Adapter, Version=10.0.0.0, Culture=neutral, PublicKeyToken=b03f5f7f11d50a3a" className="Tests.Sets, Tests, Version=1.0.0.0, Culture=neutral, PublicKeyToken=null" name="TestNextMultiset" />
    </UnitTest>
  </TestDefinitions>
  <TestLists>
    <TestList name="Results Not in a List" id="8c84fa94-04c1-424b-9868-57a2d4851a1d" />
    <TestList name="All Loaded Results" id="19431567-8539-422a-85d7-44ee4e166bda" />
  </TestLists>
  <TestEntries>
    <TestEntry testId="74aab978-073e-a67c-ac35-b323c4cd1db3" executionId="424c88ff-1f1d-4eff-bdce-9379afeabb11" testListId="8c84fa94-04c1-424b-9868-57a2d4851a1d" />
    <TestEntry testId="7c1c80ac-08b8-9d14-7fdc-c780764bd43c" executionId="416a71b5-51fe-43ea-8908-ec3ae1fd46af" testListId="8c84fa94-04c1-424b-9868-57a2d4851a1d" />
    <TestEntry testId="e3b8e2da-7b53-f892-2268-5043c701c03b" executionId="e8823ef3-f2b8-4845-9328-0dbefccce64b" testListId="8c84fa94-04c1-424b-9868-57a2d4851a1d" />
  </TestEntries>
  <Results>
    <UnitTestResult executionId="424c88ff-1f1d-4eff-bdce-9379afeabb11" testId="74aab978-073e-a67c-ac35-b323c4cd1db3" testName="TestNextMultiset" computerName="MICHAEL-DESKTOP" duration="00:00:00.0504425" startTime="2012-08-13T07:31:32.8155915+12:00" endTime="2012-08-13T07:31:33.0866070+12:00" testType="13cdc9d9-ddb5-4fa4-a97d-d965ccfc6d4b" outcome="Passed" testListId="8c84fa94-04c1-424b-9868-57a2d4851a1d" relativeResultsDirectory="424c88ff-1f1d-4eff-bdce-9379afeabb11">
    </UnitTestResult>
    <UnitTestResult executionId="416a71b5-51fe-43ea-8908-ec3ae1fd46af" testId="7c1c80ac-08b8-9d14-7fdc-c780764bd43c" testName="TestMultichoose" computerName="MICHAEL-DESKTOP" duration="00:00:00.0161326" startTime="2012-08-13T07:31:33.0916073+12:00" endTime="2012-08-13T07:31:33.1126085+12:00" testType="13cdc9d9-ddb5-4fa4-a97d-d965ccfc6d4b" outcome="Failed" testListId="8c84fa94-04c1-424b-9868-57a2d4851a1d" relativeResultsDirectory="416a71b5-51fe-43ea-8908-ec3ae1fd46af">
      <Output>
        <ErrorInfo>
          <Message>Assert.AreEqual failed. Expected:&lt;1&gt;. Actual:&lt;2&gt;. </Message>
          <StackTrace>   at Tests.Sets.TestMultichoose() in C:\Users\Michael\Documents\Visual Studio 2010\Projects\CS380\Tests\Sets.cs:line 77
</StackTrace>
        </ErrorInfo>
      </Output>
    </UnitTestResult>
    <UnitTestResult executionId="e8823ef3-f2b8-4845-9328-0dbefccce64b" testId="e3b8e2da-7b53-f892-2268-5043c701c03b" testName="TestFactorial" computerName="MICHAEL-DESKTOP" duration="00:00:00.0002814" startTime="2012-08-13T07:31:33.1146086+12:00" endTime="2012-08-13T07:31:33.1286094+12:00" testType="13cdc9d9-ddb5-4fa4-a97d-d965ccfc6d4b" outcome="Passed" testListId="8c84fa94-04c1-424b-9868-57a2d4851a1d" relativeResultsDirectory="e8823ef3-f2b8-4845-9328-0dbefccce64b">
    </UnitTestResult>
  </Results>
</TestRun>