<?xml version="1.0" encoding="UTF-8"?>
<TestRun id="a789bc2c-7cf2-4e4e-8630-414b07c5c927" name="Michael@MICHAEL-DESKTOP 2012-08-05 16:03:35" runUser="Michael-Desktop\Michael" xmlns="http://microsoft.com/schemas/VisualStudio/TeamTest/2010">
  <TestSettings name="Local" id="42faeab7-07b5-4534-8247-88e49e1ac1cf">
    <Description>These are default test settings for a local test run.</Description>
    <Deployment enabled="false" runDeploymentRoot="Michael_MICHAEL-DESKTOP 2012-08-05 16_03_35">
      <DeploymentItem filename="c:\users\michael\documents\visual studio 2010\Projects\CS380\CS380\bin\Debug\CS380.exe" />
    </Deployment>
    <Execution>
      <TestTypeSpecific />
      <AgentRule name="Execution Agents">
      </AgentRule>
    </Execution>
  </TestSettings>
  <Times creation="2012-08-05T16:03:35.9115844+12:00" queuing="2012-08-05T16:03:35.9515867+12:00" start="2012-08-05T16:03:35.9675876+12:00" finish="2012-08-05T16:03:36.3676105+12:00" />
  <ResultSummary outcome="Completed">
    <Counters total="1" executed="1" passed="1" error="0" failed="0" timeout="0" aborted="0" inconclusive="0" passedButRunAborted="0" notRunnable="0" notExecuted="0" disconnected="0" warning="0" completed="0" inProgress="0" pending="0" />
  </ResultSummary>
  <TestDefinitions>
    <UnitTest name="TestNextMultiset" storage="c:\users\michael\documents\visual studio 2010\projects\cs380\tests\bin\debug\tests.dll" id="74aab978-073e-a67c-ac35-b323c4cd1db3">
      <Execution id="71a5905f-2242-411b-9bbf-95ccdccf19ba" />
      <TestMethod codeBase="c:/users/michael/documents/visual studio 2010/Projects/CS380/Tests/bin/Debug/Tests.DLL" adapterTypeName="Microsoft.VisualStudio.TestTools.TestTypes.Unit.UnitTestAdapter, Microsoft.VisualStudio.QualityTools.Tips.UnitTest.Adapter, Version=10.0.0.0, Culture=neutral, PublicKeyToken=b03f5f7f11d50a3a" className="Tests.Sets, Tests, Version=1.0.0.0, Culture=neutral, PublicKeyToken=null" name="TestNextMultiset" />
    </UnitTest>
  </TestDefinitions>
  <TestLists>
    <TestList name="Results Not in a List" id="8c84fa94-04c1-424b-9868-57a2d4851a1d" />
    <TestList name="All Loaded Results" id="19431567-8539-422a-85d7-44ee4e166bda" />
  </TestLists>
  <TestEntries>
    <TestEntry testId="74aab978-073e-a67c-ac35-b323c4cd1db3" executionId="71a5905f-2242-411b-9bbf-95ccdccf19ba" testListId="8c84fa94-04c1-424b-9868-57a2d4851a1d" />
  </TestEntries>
  <Results>
    <UnitTestResult executionId="71a5905f-2242-411b-9bbf-95ccdccf19ba" testId="74aab978-073e-a67c-ac35-b323c4cd1db3" testName="TestNextMultiset" computerName="MICHAEL-DESKTOP" duration="00:00:00.0412621" startTime="2012-08-05T16:03:35.9895889+12:00" endTime="2012-08-05T16:03:36.2906061+12:00" testType="13cdc9d9-ddb5-4fa4-a97d-d965ccfc6d4b" outcome="Passed" testListId="8c84fa94-04c1-424b-9868-57a2d4851a1d" relativeResultsDirectory="71a5905f-2242-411b-9bbf-95ccdccf19ba">
    </UnitTestResult>
  </Results>
</TestRun>