<?xml version="1.0" encoding="UTF-8"?>
<TestRun id="9c3de114-0faf-410f-a0c8-a961a5d24cf2" name="Michael@MICHAEL-DESKTOP 2012-08-05 14:27:14" runUser="Michael-Desktop\Michael" xmlns="http://microsoft.com/schemas/VisualStudio/TeamTest/2010">
  <TestSettings name="Local" id="42faeab7-07b5-4534-8247-88e49e1ac1cf">
    <Description>These are default test settings for a local test run.</Description>
    <Deployment enabled="false" runDeploymentRoot="Michael_MICHAEL-DESKTOP 2012-08-05 14_27_14">
      <DeploymentItem filename="c:\users\michael\documents\visual studio 2010\Projects\CS380\CS380\bin\Debug\CS380.exe" />
    </Deployment>
    <Execution>
      <TestTypeSpecific />
      <AgentRule name="Execution Agents">
      </AgentRule>
    </Execution>
  </TestSettings>
  <Times creation="2012-08-05T14:27:14.2628930+12:00" queuing="2012-08-05T14:27:15.7989809+12:00" start="2012-08-05T14:27:16.0409947+12:00" finish="2012-08-05T14:27:53.7221500+12:00" />
  <ResultSummary outcome="Error">
    <Counters total="1" executed="1" error="0" failed="0" timeout="0" aborted="1" inconclusive="0" passedButRunAborted="0" notRunnable="0" notExecuted="0" disconnected="0" warning="0" passed="0" completed="0" inProgress="0" pending="0" />
    <RunInfos>
      <RunInfo computerName="MICHAEL-DESKTOP" outcome="Error" timestamp="2012-08-05T14:27:53.6861479+12:00">
        <Text>Test host process exited unexpectedly.</Text>
      </RunInfo>
    </RunInfos>
  </ResultSummary>
  <TestDefinitions>
    <UnitTest name="TestMethod1" storage="c:\users\michael\documents\visual studio 2010\projects\cs380\tests\bin\debug\tests.dll" id="9f8af566-da04-90b7-7626-66de46039c9d">
      <Execution id="c077141e-8d76-48ef-80cd-592e3203360e" />
      <TestMethod codeBase="c:/users/michael/documents/visual studio 2010/Projects/CS380/Tests/bin/Debug/Tests.DLL" adapterTypeName="Microsoft.VisualStudio.TestTools.TestTypes.Unit.UnitTestAdapter, Microsoft.VisualStudio.QualityTools.Tips.UnitTest.Adapter, Version=10.0.0.0, Culture=neutral, PublicKeyToken=b03f5f7f11d50a3a" className="Tests.Sets, Tests, Version=1.0.0.0, Culture=neutral, PublicKeyToken=null" name="TestMethod1" />
    </UnitTest>
  </TestDefinitions>
  <TestLists>
    <TestList name="Results Not in a List" id="8c84fa94-04c1-424b-9868-57a2d4851a1d" />
    <TestList name="All Loaded Results" id="19431567-8539-422a-85d7-44ee4e166bda" />
  </TestLists>
  <TestEntries>
    <TestEntry testId="9f8af566-da04-90b7-7626-66de46039c9d" executionId="c077141e-8d76-48ef-80cd-592e3203360e" testListId="8c84fa94-04c1-424b-9868-57a2d4851a1d" />
  </TestEntries>
  <Results>
    <UnitTestResult executionId="c077141e-8d76-48ef-80cd-592e3203360e" testId="9f8af566-da04-90b7-7626-66de46039c9d" testName="TestMethod1" computerName="MICHAEL-DESKTOP" duration="00:00:37.3821382" startTime="2012-08-05T14:27:16.3400118+12:00" endTime="2012-08-05T14:27:53.7221500+12:00" testType="13cdc9d9-ddb5-4fa4-a97d-d965ccfc6d4b" outcome="Aborted" testListId="8c84fa94-04c1-424b-9868-57a2d4851a1d" relativeResultsDirectory="c077141e-8d76-48ef-80cd-592e3203360e">
    </UnitTestResult>
  </Results>
</TestRun>