<?xml version="1.0" encoding="UTF-8"?>
<TestRun id="67bcfcc5-b9eb-44ea-9512-95464fd33208" name="Michael@MICHAEL-DESKTOP 2012-08-13 07:25:10" runUser="Michael-Desktop\Michael" xmlns="http://microsoft.com/schemas/VisualStudio/TeamTest/2010">
  <TestSettings name="Local" id="42faeab7-07b5-4534-8247-88e49e1ac1cf">
    <Description>These are default test settings for a local test run.</Description>
    <Deployment enabled="false" runDeploymentRoot="Michael_MICHAEL-DESKTOP 2012-08-13 07_25_10">
      <DeploymentItem filename="c:\users\michael\documents\visual studio 2010\Projects\CS380\CS380\bin\Debug\CS380.exe" />
    </Deployment>
    <Execution>
      <TestTypeSpecific />
      <AgentRule name="Execution Agents">
      </AgentRule>
    </Execution>
  </TestSettings>
  <Times creation="2012-08-13T07:25:10.1537045+12:00" queuing="2012-08-13T07:25:12.9178626+12:00" start="2012-08-13T07:25:13.1838778+12:00" finish="2012-08-13T07:25:15.5820150+12:00" />
  <ResultSummary outcome="Error">
    <Counters total="1" executed="1" error="0" failed="0" timeout="0" aborted="1" inconclusive="0" passedButRunAborted="0" notRunnable="0" notExecuted="0" disconnected="0" warning="0" passed="0" completed="0" inProgress="0" pending="0" />
    <RunInfos>
      <RunInfo computerName="MICHAEL-DESKTOP" outcome="Error" timestamp="2012-08-13T07:25:15.5800149+12:00">
        <Text>Test host process exited unexpectedly.</Text>
      </RunInfo>
    </RunInfos>
  </ResultSummary>
  <TestDefinitions>
    <UnitTest name="TestMultichoose" storage="c:\users\michael\documents\visual studio 2010\projects\cs380\tests\bin\debug\tests.dll" id="7c1c80ac-08b8-9d14-7fdc-c780764bd43c">
      <Execution id="9336e95f-dc48-4261-bd0b-18c97fa567d3" />
      <TestMethod codeBase="C:/Users/Michael/Documents/Visual Studio 2010/Projects/CS380/Tests/bin/Debug/Tests.DLL" adapterTypeName="Microsoft.VisualStudio.TestTools.TestTypes.Unit.UnitTestAdapter, Microsoft.VisualStudio.QualityTools.Tips.UnitTest.Adapter, Version=10.0.0.0, Culture=neutral, PublicKeyToken=b03f5f7f11d50a3a" className="Tests.Sets, Tests, Version=1.0.0.0, Culture=neutral, PublicKeyToken=null" name="TestMultichoose" />
    </UnitTest>
  </TestDefinitions>
  <TestLists>
    <TestList name="Results Not in a List" id="8c84fa94-04c1-424b-9868-57a2d4851a1d" />
    <TestList name="All Loaded Results" id="19431567-8539-422a-85d7-44ee4e166bda" />
  </TestLists>
  <TestEntries>
    <TestEntry testId="7c1c80ac-08b8-9d14-7fdc-c780764bd43c" executionId="9336e95f-dc48-4261-bd0b-18c97fa567d3" testListId="8c84fa94-04c1-424b-9868-57a2d4851a1d" />
  </TestEntries>
  <Results>
    <UnitTestResult executionId="9336e95f-dc48-4261-bd0b-18c97fa567d3" testId="7c1c80ac-08b8-9d14-7fdc-c780764bd43c" testName="TestMultichoose" computerName="MICHAEL-DESKTOP" duration="00:00:02.1571234" startTime="2012-08-13T07:25:13.4248916+12:00" endTime="2012-08-13T07:25:15.5820150+12:00" testType="13cdc9d9-ddb5-4fa4-a97d-d965ccfc6d4b" outcome="Aborted" testListId="8c84fa94-04c1-424b-9868-57a2d4851a1d" relativeResultsDirectory="9336e95f-dc48-4261-bd0b-18c97fa567d3">
    </UnitTestResult>
  </Results>
</TestRun>